

============================== 2022-06-22 05:00:42.479939 | 71ffbcf1-b34c-4104-8708-cdcdf3e04830 ==============================
05:00:42.479939 [info ] [MainThread]: Running with dbt=1.1.1
05:00:42.479939 [debug] [MainThread]: running dbt with arguments {'write_json': True, 'use_colors': True, 'printer_width': 80, 'version_check': True, 'partial_parse': True, 'static_parser': True, 'profiles_dir': 'C:\\Users\\stagiaire\\.dbt', 'send_anonymous_usage_stats': True, 'event_buffer_size': 100000, 'quiet': False, 'no_print': False, 'project_name': 'bilbo_dbt', 'skip_profile_setup': False, 'which': 'init', 'indirect_selection': 'eager'}
05:00:42.479939 [debug] [MainThread]: Tracking: tracking
05:00:42.479939 [debug] [MainThread]: Sending event: {'category': 'dbt', 'action': 'invocation', 'label': 'start', 'context': [<snowplow_tracker.self_describing_json.SelfDescribingJson object at 0x00000199A6D05FC0>, <snowplow_tracker.self_describing_json.SelfDescribingJson object at 0x00000199A6D05240>, <snowplow_tracker.self_describing_json.SelfDescribingJson object at 0x00000199A6D05B40>]}
05:00:42.479939 [info ] [MainThread]: Creating dbt configuration folder at C:\Users\stagiaire\.dbt
05:00:42.479939 [debug] [MainThread]: Starter project path: C:\Users\stagiaire\.conda\envs\bilbo\lib\site-packages\dbt\include\starter_project
05:00:45.871964 [info ] [MainThread]: Profile bilbo_dbt written to C:\Users\stagiaire\.dbt\profiles.yml using target's sample configuration. Once updated, you'll be able to start developing with dbt.
05:00:45.871964 [info ] [MainThread]: 
Your new dbt project "bilbo_dbt" was created!

For more information on how to configure the profiles.yml file,
please consult the dbt documentation here:

  https://docs.getdbt.com/docs/configure-your-profile

One more thing:

Need help? Don't hesitate to reach out to us via GitHub issues or on Slack:

  https://community.getdbt.com/

Happy modeling!

05:00:45.871964 [debug] [MainThread]: Sending event: {'category': 'dbt', 'action': 'invocation', 'label': 'end', 'context': [<snowplow_tracker.self_describing_json.SelfDescribingJson object at 0x00000199A6D05B70>, <snowplow_tracker.self_describing_json.SelfDescribingJson object at 0x00000199A6D05210>, <snowplow_tracker.self_describing_json.SelfDescribingJson object at 0x00000199A6D04E20>]}


============================== 2022-06-22 05:45:37.847562 | f3d6c86f-d5a4-4d27-b3ef-da7593a18abb ==============================
05:45:37.847562 [info ] [MainThread]: Running with dbt=1.1.1
05:45:37.848559 [debug] [MainThread]: running dbt with arguments {'write_json': True, 'use_colors': True, 'printer_width': 80, 'version_check': True, 'partial_parse': True, 'static_parser': True, 'profiles_dir': 'C:\\Users\\stagiaire\\.dbt', 'send_anonymous_usage_stats': True, 'event_buffer_size': 100000, 'quiet': False, 'no_print': False, 'config_dir': False, 'which': 'debug', 'indirect_selection': 'eager'}
05:45:37.848559 [debug] [MainThread]: Tracking: tracking
05:45:37.855541 [debug] [MainThread]: Sending event: {'category': 'dbt', 'action': 'invocation', 'label': 'start', 'context': [<snowplow_tracker.self_describing_json.SelfDescribingJson object at 0x00000267FE787760>, <snowplow_tracker.self_describing_json.SelfDescribingJson object at 0x00000267FE787D00>, <snowplow_tracker.self_describing_json.SelfDescribingJson object at 0x00000267FE787AF0>]}
05:45:37.900332 [debug] [MainThread]: Executing "git --help"
05:45:37.923403 [debug] [MainThread]: STDOUT: "b"usage: git [--version] [--help] [-C <path>] [-c <name>=<value>]\n           [--exec-path[=<path>]] [--html-path] [--man-path] [--info-path]\n           [-p | --paginate | -P | --no-pager] [--no-replace-objects] [--bare]\n           [--git-dir=<path>] [--work-tree=<path>] [--namespace=<name>]\n           [--super-prefix=<path>] [--config-env=<name>=<envvar>]\n           <command> [<args>]\n\nThese are common Git commands used in various situations:\n\nstart a working area (see also: git help tutorial)\n   clone     Clone a repository into a new directory\n   init      Create an empty Git repository or reinitialize an existing one\n\nwork on the current change (see also: git help everyday)\n   add       Add file contents to the index\n   mv        Move or rename a file, a directory, or a symlink\n   restore   Restore working tree files\n   rm        Remove files from the working tree and from the index\n\nexamine the history and state (see also: git help revisions)\n   bisect    Use binary search to find the commit that introduced a bug\n   diff      Show changes between commits, commit and working tree, etc\n   grep      Print lines matching a pattern\n   log       Show commit logs\n   show      Show various types of objects\n   status    Show the working tree status\n\ngrow, mark and tweak your common history\n   branch    List, create, or delete branches\n   commit    Record changes to the repository\n   merge     Join two or more development histories together\n   rebase    Reapply commits on top of another base tip\n   reset     Reset current HEAD to the specified state\n   switch    Switch branches\n   tag       Create, list, delete or verify a tag object signed with GPG\n\ncollaborate (see also: git help workflows)\n   fetch     Download objects and refs from another repository\n   pull      Fetch from and integrate with another repository or a local branch\n   push      Update remote refs along with associated objects\n\n'git help -a' and 'git help -g' list available subcommands and some\nconcept guides. See 'git help <command>' or 'git help <concept>'\nto read about a specific subcommand or concept.\nSee 'git help git' for an overview of the system.\n""
05:45:37.924401 [debug] [MainThread]: STDERR: "b''"
05:45:37.926395 [debug] [MainThread]: Sending event: {'category': 'dbt', 'action': 'invocation', 'label': 'end', 'context': [<snowplow_tracker.self_describing_json.SelfDescribingJson object at 0x00000267FE8992A0>, <snowplow_tracker.self_describing_json.SelfDescribingJson object at 0x00000267FE899960>, <snowplow_tracker.self_describing_json.SelfDescribingJson object at 0x00000267FE899A50>]}
